<?xml version="1.0" encoding="UTF-8"?>
<testng-results skipped="0" failed="0" ignored="0" total="0" passed="0">
  <reporter-output>
  </reporter-output>
  <suite name="io.duotech.runners.CukeRunner" duration-ms="6" started-at="2020-05-01T12:50:40 EDT" finished-at="2020-05-01T12:50:40 EDT">
    <groups>
    </groups>
    <test name="Command line test" duration-ms="6" started-at="2020-05-01T12:50:40 EDT" finished-at="2020-05-01T12:50:40 EDT">
    </test> <!-- Command line test -->
  </suite> <!-- io.duotech.runners.CukeRunner -->
</testng-results>
